<?xml version="1.0" encoding="UTF-8"?>
<testsuite xmlns:xsi="http://www.w3.org/2001/XMLSchema-instance" xsi:noNamespaceSchemaLocation="https://maven.apache.org/surefire/maven-surefire-plugin/xsd/surefire-test-report-3.0.xsd" version="3.0" name="com.cognizant.fse.calculator.SetupTeardownAAATest" time="0.032" tests="7" errors="0" skipped="0" failures="0">
  <properties>
[...]
</properties>
  <testcase name="testSubtractionBoundaryValues" classname="com.cognizant.fse.calculator.SetupTeardownAAATest" time="0.012">
    <system-out><![CDATA[BEFORE: Setting up test fixtures at 23:25:07.373
Boundary test execution log:
SETUP: Test initialized at 23:25:07.373
ARRANGE: Setting up boundary value subtraction tests
ACT: Executing positive result subtraction
ASSERT: Verifying positive result
ARRANGE: Setting up zero result test
ACT: Executing zero result subtraction
ASSERT: Verifying zero result

AFTER: Cleaning up test fixtures. Total tests executed: 1
]]></system-out>
  </testcase>
  <testcase name="testMultiplicationEdgeCases" classname="com.cognizant.fse.calculator.SetupTeardownAAATest" time="0.002">
    <system-out><![CDATA[BEFORE: Setting up test fixtures at 23:25:07.379
Multiplication edge cases log:
SETUP: Test initialized at 23:25:07.379
ARRANGE: Preparing multiplication edge cases
ACT: Testing multiplication by 1 (identity)
ASSERT: Verifying identity property
ARRANGE: Setting up negative multiplication
ACT: Executing negative multiplication
ASSERT: Verifying negative multiplication result

AFTER: Cleaning up test fixtures. Total tests executed: 2
]]></system-out>
  </testcase>
  <testcase name="testDivisionPrecisionAndExceptions" classname="com.cognizant.fse.calculator.SetupTeardownAAATest" time="0.002">
    <system-out><![CDATA[BEFORE: Setting up test fixtures at 23:25:07.381
Division test execution log:
SETUP: Test initialized at 23:25:07.381
ARRANGE: Setting up division precision test
ACT: Executing precision division
ASSERT: Verifying division precision
ARRANGE: Setting up division by zero exception test
ACT & ASSERT: Testing division by zero exception

AFTER: Cleaning up test fixtures. Total tests executed: 3
]]></system-out>
  </testcase>
  <testcase name="testComplexArrangePhase" classname="com.cognizant.fse.calculator.SetupTeardownAAATest" time="0.001">
    <system-out><![CDATA[BEFORE: Setting up test fixtures at 23:25:07.386
Complex arrange phase log:
SETUP: Test initialized at 23:25:07.386
ARRANGE: Starting complex multi-step setup
ARRANGE Step 1: Base value = 10
ARRANGE Step 2: Doubled value = 20
ARRANGE Step 3: Expected sum = 30, Expected difference = 10
ACT: Executing operations under test
ASSERT: Verifying all calculated results

AFTER: Cleaning up test fixtures. Total tests executed: 4
]]></system-out>
  </testcase>
  <testcase name="testFixtureIndependence" classname="com.cognizant.fse.calculator.SetupTeardownAAATest" time="0.002">
    <system-out><![CDATA[BEFORE: Setting up test fixtures at 23:25:07.387
Independence verification log:
SETUP: Test initialized at 23:25:07.387
ARRANGE: Verifying fixture independence
ACT: Performing state-affecting operations
ASSERT: Verifying operations and independence

AFTER: Cleaning up test fixtures. Total tests executed: 5
]]></system-out>
  </testcase>
  <testcase name="testStateVerificationBetweenTests" classname="com.cognizant.fse.calculator.SetupTeardownAAATest" time="0.002">
    <system-out><![CDATA[BEFORE: Setting up test fixtures at 23:25:07.392
State verification log:
SETUP: Test initialized at 23:25:07.392
ARRANGE: Verifying fresh test state
ACT: Performing operation to modify state
State modified with calculation result: 15
ASSERT: Verifying operation and state

AFTER: Cleaning up test fixtures. Total tests executed: 6
]]></system-out>
  </testcase>
  <testcase name="testBasicAdditionWithLogging" classname="com.cognizant.fse.calculator.SetupTeardownAAATest" time="0.002">
    <system-out><![CDATA[BEFORE: Setting up test fixtures at 23:25:07.395
Test execution log:
SETUP: Test initialized at 23:25:07.395
ARRANGE: Set up addition test with 12 + 8
ACT: Executing calculator.add()
ASSERT: Verifying result equals 20

AFTER: Cleaning up test fixtures. Total tests executed: 7
]]></system-out>
  </testcase>
</testsuite>